<?xml version="1.0" encoding="UTF-8"?>
<!-- Generated by org.testng.reporters.JUnitReportReporter -->
<testsuite hostname="LAPTOP-023QP11N" failures="1" tests="1" name="CustomerLogin.Landing_page_schemavalidation" time="2.731" errors="0" timestamp="2024-04-10T19:12:44 IST" skipped="0">
  <testcase classname="CustomerLogin.Landing_page_schemavalidation" name="land_schema" time="2.731">
    <failure message="1 expectation failed.
Response body doesn&#039;t match expectation.
Expected: The content to match the given JSON schema.
error: instance type (integer) does not match any allowed primitive type (allowed: [&quot;string&quot;])
    level: &quot;error&quot;
    schema: {&quot;loadingURI&quot;:&quot;file:/C:/Users/Manoj/eclipse-workspace/APINibav/target/test-classes/landingPage.json#&quot;,&quot;pointer&quot;:&quot;/properties/products/items/2/properties/priceFrom&quot;}
    instance: {&quot;pointer&quot;:&quot;/products/2/priceFrom&quot;}
    domain: &quot;validation&quot;
    keyword: &quot;type&quot;
    found: &quot;integer&quot;
    expected: [&quot;string&quot;]

  Actual: {&quot;products&quot;:[{&quot;name&quot;:&quot;Series IV Classic&quot;,&quot;image&quot;:{&quot;url&quot;:&quot;images/home-page/section2/series-iv-classic&quot;,&quot;title&quot;:&quot;Series IV Classic&quot;,&quot;description&quot;:&quot;series iv&quot;,&quot;textColor&quot;:&quot;light&quot;},&quot;shortUrl&quot;:&quot;series-iv-classic&quot;,&quot;priceFrom&quot;:1950000},{&quot;name&quot;:&quot;Series IV Max&quot;,&quot;image&quot;:{&quot;url&quot;:&quot;images/home-page/section3/series-iv-max&quot;,&quot;title&quot;:&quot;Series IV Max&quot;,&quot;description&quot;:&quot;series iv&quot;,&quot;textColor&quot;:&quot;light&quot;},&quot;shortUrl&quot;:&quot;series-iv-max&quot;,&quot;priceFrom&quot;:1789000},{&quot;name&quot;:&quot;Series III Classic&quot;,&quot;image&quot;:{&quot;url&quot;:&quot;images/home-page/section4/home-series-iii-max&quot;,&quot;title&quot;:&quot;Series III Max&quot;,&quot;description&quot;:&quot;series iii&quot;,&quot;textColor&quot;:&quot;light&quot;},&quot;shortUrl&quot;:&quot;series-iii-classic&quot;,&quot;priceFrom&quot;:1290000},{&quot;name&quot;:&quot;Series III Max&quot;,&quot;image&quot;:{&quot;url&quot;:&quot;images/home-page/section5/home-series-iii-classic&quot;,&quot;title&quot;:&quot;Series III Classic&quot;,&quot;description&quot;:&quot;series iii&quot;,&quot;textColor&quot;:&quot;light&quot;},&quot;shortUrl&quot;:&quot;series-iii-max&quot;,&quot;priceFrom&quot;:990000}],&quot;videos&quot;:[{&quot;url&quot;:&quot;videos/home-page/section1/slide1/banner1&quot;,&quot;title&quot;:&quot;Efficient, Luxurious, and Futuristic&quot;,&quot;description&quot;:&quot;From personalized consultations to custom orders and augmented reality experiences, we offer end-to-end solutions to enhance your home living experience with our homelifts.&quot;,&quot;shortUrl&quot;:&quot;series-iv-classic&quot;,&quot;textColor&quot;:&quot;dark&quot;},{&quot;url&quot;:&quot;videos/home-page/section1/slide2/banner2&quot;,&quot;title&quot;:&quot;Introducing Series IV&quot;,&quot;description&quot;:&quot;It&#039;s more than just a lift; it&#039;s a statement of sophistication and practicality, designed to enhance your daily life with a touch of modern elegance.&quot;,&quot;shortUrl&quot;:&quot;series-iv-max&quot;,&quot;textColor&quot;:&quot;light&quot;},{&quot;url&quot;:&quot;videos/home-page/section1/slide3/banner3&quot;,&quot;title&quot;:&quot;Your Dream Homelift, Now Within Reach&quot;,&quot;description&quot;:&quot;Emi Made Easy: Rise to Luxury at ₹45,999/month&quot;,&quot;shortUrl&quot;:&quot;series-iii-classic&quot;,&quot;textColor&quot;:&quot;light&quot;},{&quot;url&quot;:&quot;videos/home-page/section1/slide4/banner4&quot;,&quot;title&quot;:&quot;Discover the Perfect Nibav for Your Home&quot;,&quot;description&quot;:&quot;Find the perfect home lift model tailored to your budget, lifestyle, and specific needs.&quot;,&quot;shortUrl&quot;:&quot;series-iii-max&quot;,&quot;textColor&quot;:&quot;light&quot;}]}
" type="java.lang.AssertionError">
      <![CDATA[java.lang.AssertionError: 1 expectation failed.
Response body doesn't match expectation.
Expected: The content to match the given JSON schema.
error: instance type (integer) does not match any allowed primitive type (allowed: ["string"])
    level: "error"
    schema: {"loadingURI":"file:/C:/Users/Manoj/eclipse-workspace/APINibav/target/test-classes/landingPage.json#","pointer":"/properties/products/items/2/properties/priceFrom"}
    instance: {"pointer":"/products/2/priceFrom"}
    domain: "validation"
    keyword: "type"
    found: "integer"
    expected: ["string"]

  Actual: {"products":[{"name":"Series IV Classic","image":{"url":"images/home-page/section2/series-iv-classic","title":"Series IV Classic","description":"series iv","textColor":"light"},"shortUrl":"series-iv-classic","priceFrom":1950000},{"name":"Series IV Max","image":{"url":"images/home-page/section3/series-iv-max","title":"Series IV Max","description":"series iv","textColor":"light"},"shortUrl":"series-iv-max","priceFrom":1789000},{"name":"Series III Classic","image":{"url":"images/home-page/section4/home-series-iii-max","title":"Series III Max","description":"series iii","textColor":"light"},"shortUrl":"series-iii-classic","priceFrom":1290000},{"name":"Series III Max","image":{"url":"images/home-page/section5/home-series-iii-classic","title":"Series III Classic","description":"series iii","textColor":"light"},"shortUrl":"series-iii-max","priceFrom":990000}],"videos":[{"url":"videos/home-page/section1/slide1/banner1","title":"Efficient, Luxurious, and Futuristic","description":"From personalized consultations to custom orders and augmented reality experiences, we offer end-to-end solutions to enhance your home living experience with our homelifts.","shortUrl":"series-iv-classic","textColor":"dark"},{"url":"videos/home-page/section1/slide2/banner2","title":"Introducing Series IV","description":"It's more than just a lift; it's a statement of sophistication and practicality, designed to enhance your daily life with a touch of modern elegance.","shortUrl":"series-iv-max","textColor":"light"},{"url":"videos/home-page/section1/slide3/banner3","title":"Your Dream Homelift, Now Within Reach","description":"Emi Made Easy: Rise to Luxury at ₹45,999/month","shortUrl":"series-iii-classic","textColor":"light"},{"url":"videos/home-page/section1/slide4/banner4","title":"Discover the Perfect Nibav for Your Home","description":"Find the perfect home lift model tailored to your budget, lifestyle, and specific needs.","shortUrl":"series-iii-max","textColor":"light"}]}

at java.base/jdk.internal.reflect.NativeConstructorAccessorImpl.newInstance0(Native Method)
at java.base/jdk.internal.reflect.NativeConstructorAccessorImpl.newInstance(NativeConstructorAccessorImpl.java:77)
at java.base/jdk.internal.reflect.DelegatingConstructorAccessorImpl.newInstance(DelegatingConstructorAccessorImpl.java:45)
at java.base/java.lang.reflect.Constructor.newInstanceWithCaller(Constructor.java:499)
at java.base/java.lang.reflect.Constructor.newInstance(Constructor.java:480)
at org.codehaus.groovy.reflection.CachedConstructor.invoke(CachedConstructor.java:73)
at org.codehaus.groovy.runtime.callsite.ConstructorSite$ConstructorSiteNoUnwrapNoCoerce.callConstructor(ConstructorSite.java:108)
at org.codehaus.groovy.runtime.callsite.CallSiteArray.defaultCallConstructor(CallSiteArray.java:57)
at org.codehaus.groovy.runtime.callsite.AbstractCallSite.callConstructor(AbstractCallSite.java:263)
at org.codehaus.groovy.runtime.callsite.AbstractCallSite.callConstructor(AbstractCallSite.java:277)
at io.restassured.internal.ResponseSpecificationImpl$HamcrestAssertionClosure.validate(ResponseSpecificationImpl.groovy:512)
at io.restassured.internal.ResponseSpecificationImpl$HamcrestAssertionClosure$validate$1.call(Unknown Source)
at org.codehaus.groovy.runtime.callsite.CallSiteArray.defaultCall(CallSiteArray.java:45)
at org.codehaus.groovy.runtime.callsite.AbstractCallSite.call(AbstractCallSite.java:125)
at org.codehaus.groovy.runtime.callsite.AbstractCallSite.call(AbstractCallSite.java:139)
at io.restassured.internal.ResponseSpecificationImpl.validateResponseIfRequired(ResponseSpecificationImpl.groovy:696)
at io.restassured.internal.ResponseSpecificationImpl.this$2$validateResponseIfRequired(ResponseSpecificationImpl.groovy)
at java.base/jdk.internal.reflect.NativeMethodAccessorImpl.invoke0(Native Method)
at java.base/jdk.internal.reflect.NativeMethodAccessorImpl.invoke(NativeMethodAccessorImpl.java:77)
at java.base/jdk.internal.reflect.DelegatingMethodAccessorImpl.invoke(DelegatingMethodAccessorImpl.java:43)
at java.base/java.lang.reflect.Method.invoke(Method.java:568)
at org.codehaus.groovy.runtime.callsite.PlainObjectMetaMethodSite.doInvoke(PlainObjectMetaMethodSite.java:43)
at org.codehaus.groovy.runtime.callsite.PogoMetaMethodSite$PogoCachedMethodSiteNoUnwrapNoCoerce.invoke(PogoMetaMethodSite.java:198)
at org.codehaus.groovy.runtime.callsite.PogoMetaMethodSite.callCurrent(PogoMetaMethodSite.java:62)
at org.codehaus.groovy.runtime.callsite.CallSiteArray.defaultCallCurrent(CallSiteArray.java:49)
at org.codehaus.groovy.runtime.callsite.AbstractCallSite.callCurrent(AbstractCallSite.java:171)
at org.codehaus.groovy.runtime.callsite.AbstractCallSite.callCurrent(AbstractCallSite.java:185)
at io.restassured.internal.ResponseSpecificationImpl.body(ResponseSpecificationImpl.groovy:107)
at io.restassured.internal.ValidatableResponseOptionsImpl.body(ValidatableResponseOptionsImpl.java:238)
at CustomerLogin.Landing_page_schemavalidation.land_schema(Landing_page_schemavalidation.java:28)
at java.base/jdk.internal.reflect.NativeMethodAccessorImpl.invoke0(Native Method)
at java.base/jdk.internal.reflect.NativeMethodAccessorImpl.invoke(NativeMethodAccessorImpl.java:77)
at java.base/jdk.internal.reflect.DelegatingMethodAccessorImpl.invoke(DelegatingMethodAccessorImpl.java:43)
at java.base/java.lang.reflect.Method.invoke(Method.java:568)
at org.testng.internal.invokers.MethodInvocationHelper.invokeMethod(MethodInvocationHelper.java:139)
at org.testng.internal.invokers.TestInvoker.invokeMethod(TestInvoker.java:664)
at org.testng.internal.invokers.TestInvoker.invokeTestMethod(TestInvoker.java:228)
at org.testng.internal.invokers.MethodRunner.runInSequence(MethodRunner.java:63)
at org.testng.internal.invokers.TestInvoker$MethodInvocationAgent.invoke(TestInvoker.java:961)
at org.testng.internal.invokers.TestInvoker.invokeTestMethods(TestInvoker.java:201)
at org.testng.internal.invokers.TestMethodWorker.invokeTestMethods(TestMethodWorker.java:148)
at org.testng.internal.invokers.TestMethodWorker.run(TestMethodWorker.java:128)
at java.base/java.util.ArrayList.forEach(ArrayList.java:1511)
at org.testng.TestRunner.privateRun(TestRunner.java:819)
at org.testng.TestRunner.run(TestRunner.java:619)
at org.testng.SuiteRunner.runTest(SuiteRunner.java:443)
at org.testng.SuiteRunner.runSequentially(SuiteRunner.java:437)
at org.testng.SuiteRunner.privateRun(SuiteRunner.java:397)
at org.testng.SuiteRunner.run(SuiteRunner.java:336)
at org.testng.SuiteRunnerWorker.runSuite(SuiteRunnerWorker.java:52)
at org.testng.SuiteRunnerWorker.run(SuiteRunnerWorker.java:95)
at org.testng.TestNG.runSuitesSequentially(TestNG.java:1301)
at org.testng.TestNG.runSuitesLocally(TestNG.java:1228)
at org.testng.TestNG.runSuites(TestNG.java:1134)
at org.testng.TestNG.run(TestNG.java:1101)
at org.testng.remote.AbstractRemoteTestNG.run(AbstractRemoteTestNG.java:115)
at org.testng.remote.RemoteTestNG.initAndRun(RemoteTestNG.java:251)
at org.testng.remote.RemoteTestNG.main(RemoteTestNG.java:77)
]]>
    </failure>
  </testcase> <!-- land_schema -->
</testsuite> <!-- CustomerLogin.Landing_page_schemavalidation -->
