<?xml version="1.0" encoding="UTF-8"?>
<!-- Generated by org.testng.reporters.JUnitReportReporter -->
<testsuite hostname="LAPTOP-023QP11N" failures="0" tests="1" name="CustomerLogin.Language_configuration" time="1.665" errors="0" timestamp="2024-04-12T16:43:48 IST" skipped="0">
  <testcase classname="CustomerLogin.Language_configuration" name="langConfig" time="1.665"/>
</testsuite> <!-- CustomerLogin.Language_configuration -->
