<?xml version="1.0" encoding="UTF-8"?>
<!-- Generated by org.testng.reporters.JUnitReportReporter -->
<testsuite hostname="LAPTOP-023QP11N" failures="0" tests="2" name="Schema_validation.Config_Schema" time="2.900" errors="0" timestamp="2024-04-16T10:35:43 IST" skipped="0">
  <testcase classname="Schema_validation.Config_Schema" name="Config_S3_Classic" time="2.562"/>
  <testcase classname="Schema_validation.Config_Schema" name="Config_S3_Max" time="0.338"/>
</testsuite> <!-- Schema_validation.Config_Schema -->
