<?xml version="1.0" encoding="UTF-8"?>
<!-- Generated by org.testng.reporters.JUnitReportReporter -->
<testsuite hostname="LAPTOP-023QP11N" failures="0" tests="1" name="ResponseBodyValidation.ConfigBody" time="1.579" errors="0" timestamp="2024-04-16T17:15:02 IST" skipped="0">
  <testcase classname="ResponseBodyValidation.ConfigBody" name="loopcheck" time="1.579"/>
</testsuite> <!-- ResponseBodyValidation.ConfigBody -->
