<?xml version="1.0" encoding="UTF-8"?>
<!-- Generated by org.testng.reporters.JUnitReportReporter -->
<testsuite hostname="LAPTOP-023QP11N" failures="0" tests="2" name="Schema_validation.Products_learnmore" time="2.887" errors="0" timestamp="2024-04-11T10:05:18 IST" skipped="0">
  <testcase classname="Schema_validation.Products_learnmore" name="learmoremax" time="2.757"/>
  <testcase classname="Schema_validation.Products_learnmore" name="learnmoreClassic" time="0.130"/>
</testsuite> <!-- Schema_validation.Products_learnmore -->
