<?xml version="1.0" encoding="UTF-8"?>
<!-- Generated by org.testng.reporters.JUnitReportReporter -->
<testsuite hostname="LAPTOP-023QP11N" failures="0" tests="1" name="CustomerLogin.LandingPage_Externel" time="2.484" errors="0" timestamp="2024-04-09T13:45:28 IST" skipped="0">
  <testcase classname="CustomerLogin.LandingPage_Externel" name="landing" time="2.484"/>
</testsuite> <!-- CustomerLogin.LandingPage_Externel -->
