<?xml version="1.0" encoding="UTF-8"?>
<!-- Generated by org.testng.reporters.JUnitReportReporter -->
<testsuite hostname="LAPTOP-023QP11N" failures="0" tests="2" name="Schema_validation.Learn_more_collection" time="1.944" errors="0" timestamp="2024-04-12T12:55:10 IST" skipped="0">
  <testcase classname="Schema_validation.Learn_more_collection" name="learnmore_S3_classic_collection" time="1.814"/>
  <testcase classname="Schema_validation.Learn_more_collection" name="learnmore_s3_max_collection" time="0.130"/>
</testsuite> <!-- Schema_validation.Learn_more_collection -->
