<?xml version="1.0" encoding="UTF-8"?>
<!-- Generated by org.testng.reporters.JUnitReportReporter -->
<testsuite hostname="LAPTOP-023QP11N" failures="0" tests="1" name="CustomerLogin.LandingPage" time="3.197" errors="0" timestamp="2024-04-07T09:32:32 IST" skipped="0">
  <testcase classname="CustomerLogin.LandingPage" name="getLanding" time="3.197"/>
</testsuite> <!-- CustomerLogin.LandingPage -->
