<?xml version="1.0" encoding="UTF-8"?>
<!-- Generated by org.testng.reporters.JUnitReportReporter -->
<testsuite hostname="LAPTOP-023QP11N" failures="0" tests="3" name="CustomerLogin.Video_guides" time="2.833" errors="0" timestamp="2024-04-23T17:32:20 IST" skipped="0">
  <testcase classname="CustomerLogin.Video_guides" name="statusCode_videoguides" time="1.890"/>
  <testcase classname="CustomerLogin.Video_guides" name="responseBody_videoguides" time="0.778"/>
  <testcase classname="CustomerLogin.Video_guides" name="listofProduct" time="0.165"/>
</testsuite> <!-- CustomerLogin.Video_guides -->
