<?xml version="1.0" encoding="UTF-8"?>
<!-- Generated by org.testng.reporters.JUnitReportReporter -->
<testsuite hostname="LAPTOP-023QP11N" failures="0" tests="1" name="Schema_validation.LandingPage_Validation" time="1.634" errors="0" timestamp="2024-04-10T19:24:56 IST" skipped="0">
  <testcase classname="Schema_validation.LandingPage_Validation" name="land_schema" time="1.634"/>
</testsuite> <!-- Schema_validation.LandingPage_Validation -->
