<?xml version="1.0" encoding="UTF-8"?>
<!-- Generated by org.testng.reporters.JUnitReportReporter -->
<testsuite hostname="LAPTOP-023QP11N" failures="0" tests="1" name="CustomerLogin.learnmore_Pojo_spe" time="2.924" errors="0" timestamp="2024-04-09T13:53:28 IST" skipped="0">
  <testcase classname="CustomerLogin.learnmore_Pojo_spe" name="second" time="2.924"/>
</testsuite> <!-- CustomerLogin.learnmore_Pojo_spe -->
