<?xml version="1.0" encoding="UTF-8"?>
<!-- Generated by org.testng.reporters.JUnitReportReporter -->
<testsuite hostname="LAPTOP-023QP11N" failures="0" tests="2" name="CustomerLogin.ResBodyValidating" time="3.494" errors="0" timestamp="2024-04-09T12:59:04 IST" skipped="0">
  <testcase classname="CustomerLogin.ResBodyValidating" name="resBodyforSeriesiiiClassic" time="3.248"/>
  <testcase classname="CustomerLogin.ResBodyValidating" name="resbodyforSeriesiiiMax" time="0.246"/>
</testsuite> <!-- CustomerLogin.ResBodyValidating -->
