<?xml version="1.0" encoding="UTF-8"?>
<!-- Generated by org.testng.reporters.JUnitReportReporter -->
<testsuite hostname="LAPTOP-023QP11N" failures="0" tests="1" name="CustomerLogin.Cookies" time="1.496" errors="0" timestamp="2024-04-09T10:02:05 IST" skipped="0">
  <testcase classname="CustomerLogin.Cookies" name="testHeader" time="1.496"/>
</testsuite> <!-- CustomerLogin.Cookies -->
