<?xml version="1.0" encoding="UTF-8"?>
<!-- Generated by org.testng.reporters.JUnitReportReporter -->
<testsuite hostname="LAPTOP-023QP11N" failures="0" tests="2" name="Schema_validation.Learnmore_Specification" time="2.994" errors="0" timestamp="2024-04-11T11:22:43 IST" skipped="0">
  <testcase classname="Schema_validation.Learnmore_Specification" name="Learmore_S3_classic" time="2.825"/>
  <testcase classname="Schema_validation.Learnmore_Specification" name="Learnmore_S3_max" time="0.169"/>
</testsuite> <!-- Schema_validation.Learnmore_Specification -->
