<?xml version="1.0" encoding="UTF-8"?>
<!-- Generated by org.testng.reporters.JUnitReportReporter -->
<testsuite hostname="LAPTOP-023QP11N" failures="0" tests="1" name="CustomerLogin.body_Validate_objecName" time="2.255" errors="0" timestamp="2024-04-09T16:35:10 IST" skipped="0">
  <testcase classname="CustomerLogin.body_Validate_objecName" name="Validate" time="2.255"/>
</testsuite> <!-- CustomerLogin.body_Validate_objecName -->
