<?xml version="1.0" encoding="UTF-8"?>
<!-- Generated by org.testng.reporters.JUnitReportReporter -->
<testsuite hostname="LAPTOP-023QP11N" failures="0" tests="1" name="Schema_validation.Mega_menu_schema" time="3.010" errors="0" timestamp="2024-04-11T09:43:11 IST" skipped="0">
  <testcase classname="Schema_validation.Mega_menu_schema" name="megamenu" time="3.010"/>
</testsuite> <!-- Schema_validation.Mega_menu_schema -->
